/tmp/slurmd/job3389276/slurm_script: line 0: unalias: pine: not found
/tmp/slurmd/job3389276/slurm_script: line 0: unalias: quota: not found
/tmp/slurmd/job3389276/slurm_script: line 0: unalias: chsh: not found
/tmp/slurmd/job3389276/slurm_script: line 0: unalias: grpe: not found
/tmp/slurmd/job3389276/slurm_script: line 0: unalias: vi: not found
/tmp/slurmd/job3389276/slurm_script: line 0: unalias: chfn: not found
2020-08-09 13:06:34.609834: I tensorflow/stream_executor/platform/default/dso_loader.cc:44] Successfully opened dynamic library libcuda.so.1
2020-08-09 13:06:34.725957: I tensorflow/core/common_runtime/gpu/gpu_device.cc:1561] Found device 0 with properties: 
pciBusID: 0000:08:00.0 name: Tesla K80 computeCapability: 3.7
coreClock: 0.8235GHz coreCount: 13 deviceMemorySize: 11.17GiB deviceMemoryBandwidth: 223.96GiB/s
2020-08-09 13:06:34.727235: I tensorflow/core/common_runtime/gpu/gpu_device.cc:1561] Found device 1 with properties: 
pciBusID: 0000:09:00.0 name: Tesla K80 computeCapability: 3.7
coreClock: 0.8235GHz coreCount: 13 deviceMemorySize: 11.17GiB deviceMemoryBandwidth: 223.96GiB/s
2020-08-09 13:06:34.728477: I tensorflow/core/common_runtime/gpu/gpu_device.cc:1561] Found device 2 with properties: 
pciBusID: 0000:88:00.0 name: Tesla K80 computeCapability: 3.7
coreClock: 0.8235GHz coreCount: 13 deviceMemorySize: 11.17GiB deviceMemoryBandwidth: 223.96GiB/s
2020-08-09 13:06:34.729706: I tensorflow/core/common_runtime/gpu/gpu_device.cc:1561] Found device 3 with properties: 
pciBusID: 0000:89:00.0 name: Tesla K80 computeCapability: 3.7
coreClock: 0.8235GHz coreCount: 13 deviceMemorySize: 11.17GiB deviceMemoryBandwidth: 223.96GiB/s
2020-08-09 13:06:34.733632: I tensorflow/stream_executor/platform/default/dso_loader.cc:44] Successfully opened dynamic library libcudart.so.10.1
2020-08-09 13:06:34.947893: I tensorflow/stream_executor/platform/default/dso_loader.cc:44] Successfully opened dynamic library libcublas.so.10
2020-08-09 13:06:35.132618: I tensorflow/stream_executor/platform/default/dso_loader.cc:44] Successfully opened dynamic library libcufft.so.10
2020-08-09 13:06:35.188868: I tensorflow/stream_executor/platform/default/dso_loader.cc:44] Successfully opened dynamic library libcurand.so.10
2020-08-09 13:06:35.384003: I tensorflow/stream_executor/platform/default/dso_loader.cc:44] Successfully opened dynamic library libcusolver.so.10
2020-08-09 13:06:35.488510: I tensorflow/stream_executor/platform/default/dso_loader.cc:44] Successfully opened dynamic library libcusparse.so.10
2020-08-09 13:06:35.979534: I tensorflow/stream_executor/platform/default/dso_loader.cc:44] Successfully opened dynamic library libcudnn.so.7
2020-08-09 13:06:35.993087: I tensorflow/core/common_runtime/gpu/gpu_device.cc:1703] Adding visible gpu devices: 0, 1, 2, 3
2020-08-09 13:06:35.996362: I tensorflow/core/platform/cpu_feature_guard.cc:143] Your CPU supports instructions that this TensorFlow binary was not compiled to use: AVX2 FMA
2020-08-09 13:06:36.019953: I tensorflow/core/platform/profile_utils/cpu_utils.cc:102] CPU Frequency: 2400030000 Hz
2020-08-09 13:06:36.020730: I tensorflow/compiler/xla/service/service.cc:168] XLA service 0x55ca1fe92920 initialized for platform Host (this does not guarantee that XLA will be used). Devices:
2020-08-09 13:06:36.020784: I tensorflow/compiler/xla/service/service.cc:176]   StreamExecutor device (0): Host, Default Version
2020-08-09 13:06:36.346098: I tensorflow/compiler/xla/service/service.cc:168] XLA service 0x55ca1f7f3200 initialized for platform CUDA (this does not guarantee that XLA will be used). Devices:
2020-08-09 13:06:36.346185: I tensorflow/compiler/xla/service/service.cc:176]   StreamExecutor device (0): Tesla K80, Compute Capability 3.7
2020-08-09 13:06:36.346205: I tensorflow/compiler/xla/service/service.cc:176]   StreamExecutor device (1): Tesla K80, Compute Capability 3.7
2020-08-09 13:06:36.346221: I tensorflow/compiler/xla/service/service.cc:176]   StreamExecutor device (2): Tesla K80, Compute Capability 3.7
2020-08-09 13:06:36.365790: I tensorflow/compiler/xla/service/service.cc:176]   StreamExecutor device (3): Tesla K80, Compute Capability 3.7
2020-08-09 13:06:36.370356: I tensorflow/core/common_runtime/gpu/gpu_device.cc:1561] Found device 0 with properties: 
pciBusID: 0000:08:00.0 name: Tesla K80 computeCapability: 3.7
coreClock: 0.8235GHz coreCount: 13 deviceMemorySize: 11.17GiB deviceMemoryBandwidth: 223.96GiB/s
2020-08-09 13:06:36.372437: I tensorflow/core/common_runtime/gpu/gpu_device.cc:1561] Found device 1 with properties: 
pciBusID: 0000:09:00.0 name: Tesla K80 computeCapability: 3.7
coreClock: 0.8235GHz coreCount: 13 deviceMemorySize: 11.17GiB deviceMemoryBandwidth: 223.96GiB/s
2020-08-09 13:06:36.374492: I tensorflow/core/common_runtime/gpu/gpu_device.cc:1561] Found device 2 with properties: 
pciBusID: 0000:88:00.0 name: Tesla K80 computeCapability: 3.7
coreClock: 0.8235GHz coreCount: 13 deviceMemorySize: 11.17GiB deviceMemoryBandwidth: 223.96GiB/s
2020-08-09 13:06:36.376559: I tensorflow/core/common_runtime/gpu/gpu_device.cc:1561] Found device 3 with properties: 
pciBusID: 0000:89:00.0 name: Tesla K80 computeCapability: 3.7
coreClock: 0.8235GHz coreCount: 13 deviceMemorySize: 11.17GiB deviceMemoryBandwidth: 223.96GiB/s
2020-08-09 13:06:36.376654: I tensorflow/stream_executor/platform/default/dso_loader.cc:44] Successfully opened dynamic library libcudart.so.10.1
2020-08-09 13:06:36.376705: I tensorflow/stream_executor/platform/default/dso_loader.cc:44] Successfully opened dynamic library libcublas.so.10
2020-08-09 13:06:36.376749: I tensorflow/stream_executor/platform/default/dso_loader.cc:44] Successfully opened dynamic library libcufft.so.10
2020-08-09 13:06:36.376793: I tensorflow/stream_executor/platform/default/dso_loader.cc:44] Successfully opened dynamic library libcurand.so.10
2020-08-09 13:06:36.376836: I tensorflow/stream_executor/platform/default/dso_loader.cc:44] Successfully opened dynamic library libcusolver.so.10
2020-08-09 13:06:36.376879: I tensorflow/stream_executor/platform/default/dso_loader.cc:44] Successfully opened dynamic library libcusparse.so.10
2020-08-09 13:06:36.376923: I tensorflow/stream_executor/platform/default/dso_loader.cc:44] Successfully opened dynamic library libcudnn.so.7
2020-08-09 13:06:36.391179: I tensorflow/core/common_runtime/gpu/gpu_device.cc:1703] Adding visible gpu devices: 0, 1, 2, 3
2020-08-09 13:06:36.391251: I tensorflow/stream_executor/platform/default/dso_loader.cc:44] Successfully opened dynamic library libcudart.so.10.1
2020-08-09 13:06:36.397356: I tensorflow/core/common_runtime/gpu/gpu_device.cc:1102] Device interconnect StreamExecutor with strength 1 edge matrix:
2020-08-09 13:06:36.397393: I tensorflow/core/common_runtime/gpu/gpu_device.cc:1108]      0 1 2 3 
2020-08-09 13:06:36.397415: I tensorflow/core/common_runtime/gpu/gpu_device.cc:1121] 0:   N Y N N 
2020-08-09 13:06:36.397429: I tensorflow/core/common_runtime/gpu/gpu_device.cc:1121] 1:   Y N N N 
2020-08-09 13:06:36.397440: I tensorflow/core/common_runtime/gpu/gpu_device.cc:1121] 2:   N N N Y 
2020-08-09 13:06:36.397451: I tensorflow/core/common_runtime/gpu/gpu_device.cc:1121] 3:   N N Y N 
2020-08-09 13:06:36.403501: I tensorflow/core/common_runtime/gpu/gpu_device.cc:1247] Created TensorFlow device (/job:localhost/replica:0/task:0/device:GPU:0 with 10691 MB memory) -> physical GPU (device: 0, name: Tesla K80, pci bus id: 0000:08:00.0, compute capability: 3.7)
2020-08-09 13:06:36.405340: I tensorflow/core/common_runtime/gpu/gpu_device.cc:1247] Created TensorFlow device (/job:localhost/replica:0/task:0/device:GPU:1 with 10690 MB memory) -> physical GPU (device: 1, name: Tesla K80, pci bus id: 0000:09:00.0, compute capability: 3.7)
2020-08-09 13:06:36.407131: I tensorflow/core/common_runtime/gpu/gpu_device.cc:1247] Created TensorFlow device (/job:localhost/replica:0/task:0/device:GPU:2 with 10691 MB memory) -> physical GPU (device: 2, name: Tesla K80, pci bus id: 0000:88:00.0, compute capability: 3.7)
2020-08-09 13:06:36.408947: I tensorflow/core/common_runtime/gpu/gpu_device.cc:1247] Created TensorFlow device (/job:localhost/replica:0/task:0/device:GPU:3 with 10691 MB memory) -> physical GPU (device: 3, name: Tesla K80, pci bus id: 0000:89:00.0, compute capability: 3.7)
2020-08-09 13:07:00.146780: I tensorflow/core/kernels/data/shuffle_dataset_op.cc:184] Filling up shuffle buffer (this may take a while): 19 of 385
2020-08-09 13:07:09.834363: I tensorflow/core/kernels/data/shuffle_dataset_op.cc:184] Filling up shuffle buffer (this may take a while): 37 of 385
2020-08-09 13:07:20.126318: I tensorflow/core/kernels/data/shuffle_dataset_op.cc:184] Filling up shuffle buffer (this may take a while): 57 of 385
2020-08-09 13:07:30.108204: I tensorflow/core/kernels/data/shuffle_dataset_op.cc:184] Filling up shuffle buffer (this may take a while): 63 of 385
2020-08-09 13:07:39.820283: I tensorflow/core/kernels/data/shuffle_dataset_op.cc:184] Filling up shuffle buffer (this may take a while): 84 of 385
2020-08-09 13:07:50.112626: I tensorflow/core/kernels/data/shuffle_dataset_op.cc:184] Filling up shuffle buffer (this may take a while): 105 of 385
2020-08-09 13:08:06.715602: I tensorflow/core/kernels/data/shuffle_dataset_op.cc:184] Filling up shuffle buffer (this may take a while): 123 of 385
2020-08-09 13:08:09.858512: I tensorflow/core/kernels/data/shuffle_dataset_op.cc:184] Filling up shuffle buffer (this may take a while): 129 of 385
2020-08-09 13:08:20.186139: I tensorflow/core/kernels/data/shuffle_dataset_op.cc:184] Filling up shuffle buffer (this may take a while): 147 of 385
2020-08-09 13:08:30.027625: I tensorflow/core/kernels/data/shuffle_dataset_op.cc:184] Filling up shuffle buffer (this may take a while): 167 of 385
2020-08-09 13:08:40.057322: I tensorflow/core/kernels/data/shuffle_dataset_op.cc:184] Filling up shuffle buffer (this may take a while): 187 of 385
2020-08-09 13:08:50.785316: I tensorflow/core/kernels/data/shuffle_dataset_op.cc:184] Filling up shuffle buffer (this may take a while): 194 of 385
2020-08-09 13:09:01.736114: I tensorflow/core/kernels/data/shuffle_dataset_op.cc:184] Filling up shuffle buffer (this may take a while): 201 of 385
2020-08-09 13:09:10.189906: I tensorflow/core/kernels/data/shuffle_dataset_op.cc:184] Filling up shuffle buffer (this may take a while): 215 of 385
2020-08-09 13:09:20.002576: I tensorflow/core/kernels/data/shuffle_dataset_op.cc:184] Filling up shuffle buffer (this may take a while): 234 of 385
2020-08-09 13:09:29.969952: I tensorflow/core/kernels/data/shuffle_dataset_op.cc:184] Filling up shuffle buffer (this may take a while): 255 of 385
2020-08-09 13:09:45.413744: I tensorflow/core/kernels/data/shuffle_dataset_op.cc:184] Filling up shuffle buffer (this may take a while): 272 of 385
2020-08-09 13:09:49.928997: I tensorflow/core/kernels/data/shuffle_dataset_op.cc:184] Filling up shuffle buffer (this may take a while): 281 of 385
2020-08-09 13:10:00.130083: I tensorflow/core/kernels/data/shuffle_dataset_op.cc:184] Filling up shuffle buffer (this may take a while): 301 of 385
2020-08-09 13:10:10.133717: I tensorflow/core/kernels/data/shuffle_dataset_op.cc:184] Filling up shuffle buffer (this may take a while): 307 of 385
2020-08-09 13:10:20.099697: I tensorflow/core/kernels/data/shuffle_dataset_op.cc:184] Filling up shuffle buffer (this may take a while): 328 of 385
2020-08-09 13:10:30.144296: I tensorflow/core/kernels/data/shuffle_dataset_op.cc:184] Filling up shuffle buffer (this may take a while): 350 of 385
2020-08-09 13:10:39.922445: I tensorflow/core/kernels/data/shuffle_dataset_op.cc:184] Filling up shuffle buffer (this may take a while): 370 of 385
2020-08-09 13:10:47.342962: I tensorflow/core/kernels/data/shuffle_dataset_op.cc:233] Shuffle buffer filled.
2020-08-09 13:10:47.448776: I tensorflow/stream_executor/platform/default/dso_loader.cc:44] Successfully opened dynamic library libcudnn.so.7
2020-08-09 13:10:54.741582: I tensorflow/stream_executor/platform/default/dso_loader.cc:44] Successfully opened dynamic library libcublas.so.10
WARNING:tensorflow:Skipping full serialization of Keras layer <model.DownsampleBlock object at 0x7f2600285e90>, because it is not built.
WARNING:tensorflow:Skipping full serialization of Keras layer <model.UpsampleBlock object at 0x7f260029b890>, because it is not built.
WARNING:tensorflow:Skipping full serialization of Keras layer <model.UpsampleBlock object at 0x7f2600411cd0>, because it is not built.
WARNING:tensorflow:Skipping full serialization of Keras layer <model.UpsampleBlock object at 0x7f260024e810>, because it is not built.
2020-08-09 17:52:31.841372: W tensorflow/python/util/util.cc:329] Sets are not currently considered sequences, but this may change in the future, so consider avoiding using them.
WARNING:tensorflow:Skipping full serialization of Keras layer <tensorflow.python.keras.layers.convolutional.Conv3D object at 0x7f260028b490>, because it is not built.
WARNING:tensorflow:Skipping full serialization of Keras layer <tensorflow.python.keras.layers.normalization_v2.BatchNormalization object at 0x7f260028bc90>, because it is not built.
WARNING:tensorflow:Skipping full serialization of Keras layer <tensorflow.python.keras.layers.advanced_activations.PReLU object at 0x7f2600291210>, because it is not built.
WARNING:tensorflow:Skipping full serialization of Keras layer <tensorflow.python.keras.layers.convolutional.Conv3DTranspose object at 0x7f2600223150>, because it is not built.
WARNING:tensorflow:Skipping full serialization of Keras layer <tensorflow.python.keras.layers.normalization_v2.BatchNormalization object at 0x7f2600223990>, because it is not built.
WARNING:tensorflow:Skipping full serialization of Keras layer <tensorflow.python.keras.layers.advanced_activations.PReLU object at 0x7f2600223fd0>, because it is not built.
WARNING:tensorflow:Skipping full serialization of Keras layer <tensorflow.python.keras.layers.convolutional.Conv3DTranspose object at 0x7f2600240190>, because it is not built.
WARNING:tensorflow:Skipping full serialization of Keras layer <tensorflow.python.keras.layers.normalization_v2.BatchNormalization object at 0x7f2600240990>, because it is not built.
WARNING:tensorflow:Skipping full serialization of Keras layer <tensorflow.python.keras.layers.advanced_activations.PReLU object at 0x7f2600240f90>, because it is not built.
WARNING:tensorflow:Skipping full serialization of Keras layer <tensorflow.python.keras.layers.convolutional.Conv3DTranspose object at 0x7f26002550d0>, because it is not built.
WARNING:tensorflow:Skipping full serialization of Keras layer <tensorflow.python.keras.layers.normalization_v2.BatchNormalization object at 0x7f2600255890>, because it is not built.
WARNING:tensorflow:Skipping full serialization of Keras layer <tensorflow.python.keras.layers.advanced_activations.PReLU object at 0x7f2600255ed0>, because it is not built.
WARNING:tensorflow:From /home/jbertini/.conda/envs/tf-gpu-2.2-conda-10.1/lib/python3.7/site-packages/tensorflow/python/ops/resource_variable_ops.py:1817: calling BaseResourceVariable.__init__ (from tensorflow.python.ops.resource_variable_ops) with constraint is deprecated and will be removed in a future version.
Instructions for updating:
If using Keras pass *_constraint arguments to layers.
